# JRE version: OpenJDK Runtime Environment (8.0_152-b06) (build 1.8.0_152-release-1136-b06)
# Java VM: OpenJDK 64-Bit Server VM (25.152-b06 mixed mode windows-amd64 compressed oops)
Heap:
 PSYoungGen      total 423936K, used 216863K [0x00000000e0000000, 0x0000000100000000, 0x0000000100000000)
  eden space 340992K, 42% used [0x00000000e0000000,0x00000000e8e52430,0x00000000f4d00000)
  from space 82944K, 85% used [0x00000000faf00000,0x00000000ff475b48,0x0000000100000000)
  to   space 91648K, 0% used [0x00000000f4d00000,0x00000000f4d00000,0x00000000fa680000)
 ParOldGen       total 404480K, used 74037K [0x00000000a0000000, 0x00000000b8b00000, 0x00000000e0000000)
  object space 404480K, 18% used [0x00000000a0000000,0x00000000a484d680,0x00000000b8b00000)
 Metaspace       used 102720K, capacity 108888K, committed 109056K, reserved 1144832K
  class space    used 12979K, capacity 14229K, committed 14336K, reserved 1048576K
GC Heap History (10 events):
Event: 7287.656 GC heap before
{Heap before GC invocations=37 (full 5):
 PSYoungGen      total 306176K, used 290717K [0x00000000e0000000, 0x00000000fb080000, 0x0000000100000000)
  eden space 240640K, 100% used [0x00000000e0000000,0x00000000eeb00000,0x00000000eeb00000)
  from space 65536K, 76% used [0x00000000eeb00000,0x00000000f1be7530,0x00000000f2b00000)
  to   space 70656K, 0% used [0x00000000f6b80000,0x00000000f6b80000,0x00000000fb080000)
 ParOldGen       total 404480K, used 53599K [0x00000000a0000000, 0x00000000b8b00000, 0x00000000e0000000)
  object space 404480K, 13% used [0x00000000a0000000,0x00000000a3457e48,0x00000000b8b00000)
 Metaspace       used 102010K, capacity 108128K, committed 108288K, reserved 1142784K
  class space    used 12970K, capacity 14221K, committed 14336K, reserved 1048576K
Event: 7287.678 GC heap after
Heap after GC invocations=37 (full 5):
 PSYoungGen      total 368640K, used 48640K [0x00000000e0000000, 0x00000000fb900000, 0x0000000100000000)
  eden space 297984K, 0% used [0x00000000e0000000,0x00000000e0000000,0x00000000f2300000)
  from space 70656K, 68% used [0x00000000f6b80000,0x00000000f9b001c8,0x00000000fb080000)
  to   space 74240K, 0% used [0x00000000f2300000,0x00000000f2300000,0x00000000f6b80000)
 ParOldGen       total 404480K, used 53607K [0x00000000a0000000, 0x00000000b8b00000, 0x00000000e0000000)
  object space 404480K, 13% used [0x00000000a0000000,0x00000000a3459e48,0x00000000b8b00000)
 Metaspace       used 102010K, capacity 108128K, committed 108288K, reserved 1142784K
  class space    used 12970K, capacity 14221K, committed 14336K, reserved 1048576K
}
Event: 7287.892 GC heap before
{Heap before GC invocations=38 (full 5):
 PSYoungGen      total 368640K, used 346624K [0x00000000e0000000, 0x00000000fb900000, 0x0000000100000000)
  eden space 297984K, 100% used [0x00000000e0000000,0x00000000f2300000,0x00000000f2300000)
  from space 70656K, 68% used [0x00000000f6b80000,0x00000000f9b001c8,0x00000000fb080000)
  to   space 74240K, 0% used [0x00000000f2300000,0x00000000f2300000,0x00000000f6b80000)
 ParOldGen       total 404480K, used 53607K [0x00000000a0000000, 0x00000000b8b00000, 0x00000000e0000000)
  object space 404480K, 13% used [0x00000000a0000000,0x00000000a3459e48,0x00000000b8b00000)
 Metaspace       used 102171K, capacity 108284K, committed 108544K, reserved 1142784K
  class space    used 12970K, capacity 14221K, committed 14336K, reserved 1048576K
Event: 7287.914 GC heap after
Heap after GC invocations=38 (full 5):
 PSYoungGen      total 372224K, used 47659K [0x00000000e0000000, 0x0000000100000000, 0x0000000100000000)
  eden space 297984K, 0% used [0x00000000e0000000,0x00000000e0000000,0x00000000f2300000)
  from space 74240K, 64% used [0x00000000f2300000,0x00000000f518af58,0x00000000f6b80000)
  to   space 76800K, 0% used [0x00000000fb500000,0x00000000fb500000,0x0000000100000000)
 ParOldGen       total 404480K, used 53615K [0x00000000a0000000, 0x00000000b8b00000, 0x00000000e0000000)
  object space 404480K, 13% used [0x00000000a0000000,0x00000000a345be48,0x00000000b8b00000)
 Metaspace       used 102171K, capacity 108284K, committed 108544K, reserved 1142784K
  class space    used 12970K, capacity 14221K, committed 14336K, reserved 1048576K
}
Event: 7288.089 GC heap before
{Heap before GC invocations=39 (full 5):
 PSYoungGen      total 372224K, used 345643K [0x00000000e0000000, 0x0000000100000000, 0x0000000100000000)
  eden space 297984K, 100% used [0x00000000e0000000,0x00000000f2300000,0x00000000f2300000)
  from space 74240K, 64% used [0x00000000f2300000,0x00000000f518af58,0x00000000f6b80000)
  to   space 76800K, 0% used [0x00000000fb500000,0x00000000fb500000,0x0000000100000000)
 ParOldGen       total 404480K, used 53615K [0x00000000a0000000, 0x00000000b8b00000, 0x00000000e0000000)
  object space 404480K, 13% used [0x00000000a0000000,0x00000000a345be48,0x00000000b8b00000)
 Metaspace       used 102269K, capacity 108424K, committed 108544K, reserved 1142784K
  class space    used 12970K, capacity 14221K, committed 14336K, reserved 1048576K
Event: 7288.106 GC heap after
Heap after GC invocations=39 (full 5):
 PSYoungGen      total 422912K, used 32736K [0x00000000e0000000, 0x00000000ff000000, 0x0000000100000000)
  eden space 362496K, 0% used [0x00000000e0000000,0x00000000e0000000,0x00000000f6200000)
  from space 60416K, 54% used [0x00000000fb500000,0x00000000fd4f8200,0x00000000ff000000)
  to   space 72704K, 0% used [0x00000000f6200000,0x00000000f6200000,0x00000000fa900000)
 ParOldGen       total 404480K, used 64386K [0x00000000a0000000, 0x00000000b8b00000, 0x00000000e0000000)
  object space 404480K, 15% used [0x00000000a0000000,0x00000000a3ee0a60,0x00000000b8b00000)
 Metaspace       used 102269K, capacity 108424K, committed 108544K, reserved 1142784K
  class space    used 12970K, capacity 14221K, committed 14336K, reserved 1048576K
}
Event: 7289.672 GC heap before
{Heap before GC invocations=40 (full 5):
 PSYoungGen      total 422912K, used 395232K [0x00000000e0000000, 0x00000000ff000000, 0x0000000100000000)
  eden space 362496K, 100% used [0x00000000e0000000,0x00000000f6200000,0x00000000f6200000)
  from space 60416K, 54% used [0x00000000fb500000,0x00000000fd4f8200,0x00000000ff000000)
  to   space 72704K, 0% used [0x00000000f6200000,0x00000000f6200000,0x00000000fa900000)
 ParOldGen       total 404480K, used 64386K [0x00000000a0000000, 0x00000000b8b00000, 0x00000000e0000000)
  object space 404480K, 15% used [0x00000000a0000000,0x00000000a3ee0a60,0x00000000b8b00000)
 Metaspace       used 102633K, capacity 108820K, committed 109056K, reserved 1144832K
  class space    used 12979K, capacity 14229K, committed 14336K, reserved 1048576K
Event: 7289.714 GC heap after
Heap after GC invocations=40 (full 5):
 PSYoungGen      total 435200K, used 70401K [0x00000000e0000000, 0x0000000100000000, 0x0000000100000000)
  eden space 362496K, 0% used [0x00000000e0000000,0x00000000e0000000,0x00000000f6200000)
  from space 72704K, 96% used [0x00000000f6200000,0x00000000fa6c0770,0x00000000fa900000)
  to   space 82944K, 0% used [0x00000000faf00000,0x00000000faf00000,0x0000000100000000)
 ParOldGen       total 404480K, used 73989K [0x00000000a0000000, 0x00000000b8b00000, 0x00000000e0000000)
  object space 404480K, 18% used [0x00000000a0000000,0x00000000a4841680,0x00000000b8b00000)
 Metaspace       used 102633K, capacity 108820K, committed 109056K, reserved 1144832K
  class space    used 12979K, capacity 14229K, committed 14336K, reserved 1048576K
}
Event: 7291.597 GC heap before
{Heap before GC invocations=41 (full 5):
 PSYoungGen      total 435200K, used 432845K [0x00000000e0000000, 0x0000000100000000, 0x0000000100000000)
  eden space 362496K, 99% used [0x00000000e0000000,0x00000000f61f2dc8,0x00000000f6200000)
  from space 72704K, 96% used [0x00000000f6200000,0x00000000fa6c0770,0x00000000fa900000)
  to   space 82944K, 0% used [0x00000000faf00000,0x00000000faf00000,0x0000000100000000)
 ParOldGen       total 404480K, used 73989K [0x00000000a0000000, 0x00000000b8b00000, 0x00000000e0000000)
  object space 404480K, 18% used [0x00000000a0000000,0x00000000a4841680,0x00000000b8b00000)
 Metaspace       used 102701K, capacity 108820K, committed 109056K, reserved 1144832K
  class space    used 12979K, capacity 14229K, committed 14336K, reserved 1048576K
Event: 7291.621 GC heap after
Heap after GC invocations=41 (full 5):
 PSYoungGen      total 423936K, used 71126K [0x00000000e0000000, 0x0000000100000000, 0x0000000100000000)
  eden space 340992K, 0% used [0x00000000e0000000,0x00000000e0000000,0x00000000f4d00000)
  from space 82944K, 85% used [0x00000000faf00000,0x00000000ff475b48,0x0000000100000000)
  to   space 91648K, 0% used [0x00000000f4d00000,0x00000000f4d00000,0x00000000fa680000)
 ParOldGen       total 404480K, used 74037K [0x00000000a0000000, 0x00000000b8b00000, 0x00000000e0000000)
  object space 404480K, 18% used [0x00000000a0000000,0x00000000a484d680,0x00000000b8b00000)
 Metaspace       used 102701K, capacity 108820K, committed 109056K, reserved 1144832K
  class space    used 12979K, capacity 14229K, committed 14336K, reserved 1048576K
}

